<?xml version="1.0" encoding="UTF-8"?>
<testsuite name="Scenario: create user" tests="3" skipped="0" failures="0" errors="0" timestamp="2017-07-04T18:33:16" hostname="anant-pc" time="0.027">
  <properties/>
  <testcase name="When we create user with is as &quot;0479c1e0-2258-4b1b-8e24-2946cb528e2a&quot; name as &quot;anant&quot; age as 29 and mobile as &quot;9008430490&quot; by calling api &quot;/user&quot;" classname="Scenario: create user" time="0.002"/>
  <testcase name="Then we get response status as &quot;OK&quot;" classname="Scenario: create user" time="0.0"/>
  <testcase name="classMethod" classname="Scenario: create user" time="12.546"/>
  <system-out><![CDATA[00:03:04.590 [Test worker] DEBUG org.springframework.test.context.BootstrapUtils - Instantiating CacheAwareContextLoaderDelegate from class [org.springframework.test.context.cache.DefaultCacheAwareContextLoaderDelegate]
00:03:04.623 [Test worker] DEBUG org.springframework.test.context.BootstrapUtils - Instantiating BootstrapContext using constructor [public org.springframework.test.context.support.DefaultBootstrapContext(java.lang.Class,org.springframework.test.context.CacheAwareContextLoaderDelegate)]
00:03:04.671 [Test worker] DEBUG org.springframework.test.context.BootstrapUtils - Instantiating TestContextBootstrapper for test class [com.bosch.api.steps.StepDefination] from class [org.springframework.boot.test.context.SpringBootTestContextBootstrapper]
00:03:04.717 [Test worker] DEBUG org.springframework.test.context.support.AbstractContextLoader - Did not detect default resource location for test class [com.bosch.api.steps.StepDefination]: class path resource [com/bosch/api/steps/StepDefination-context.xml] does not exist
00:03:04.718 [Test worker] DEBUG org.springframework.test.context.support.AbstractContextLoader - Did not detect default resource location for test class [com.bosch.api.steps.StepDefination]: class path resource [com/bosch/api/steps/StepDefinationContext.groovy] does not exist
00:03:04.718 [Test worker] INFO org.springframework.test.context.support.AbstractContextLoader - Could not detect default resource locations for test class [com.bosch.api.steps.StepDefination]: no resource found for suffixes {-context.xml, Context.groovy}.
00:03:04.720 [Test worker] INFO org.springframework.test.context.support.AnnotationConfigContextLoaderUtils - Could not detect default configuration classes for test class [com.bosch.api.steps.StepDefination]: StepDefination does not declare any static, non-private, non-final, nested classes annotated with @Configuration.
00:03:04.838 [Test worker] DEBUG org.springframework.test.context.support.ActiveProfilesUtils - Could not find an 'annotation declaring class' for annotation type [org.springframework.test.context.ActiveProfiles] and class [com.bosch.api.steps.StepDefination]
00:03:04.856 [Test worker] DEBUG org.springframework.core.env.StandardEnvironment - Adding [systemProperties] PropertySource with lowest search precedence
00:03:04.857 [Test worker] DEBUG org.springframework.core.env.StandardEnvironment - Adding [systemEnvironment] PropertySource with lowest search precedence
00:03:04.858 [Test worker] DEBUG org.springframework.core.env.StandardEnvironment - Initialized StandardEnvironment with PropertySources [systemProperties,systemEnvironment]
00:03:04.886 [Test worker] DEBUG org.springframework.core.io.support.PathMatchingResourcePatternResolver - Resolved classpath location [com/bosch/api/steps/] to resources [URL [file:/D:/Games/bdd-demo-live/build/classes/test/com/bosch/api/steps/]]
00:03:04.889 [Test worker] DEBUG org.springframework.core.io.support.PathMatchingResourcePatternResolver - Looking for matching resources in directory tree [D:\Games\bdd-demo-live\build\classes\test\com\bosch\api\steps]
00:03:04.889 [Test worker] DEBUG org.springframework.core.io.support.PathMatchingResourcePatternResolver - Searching directory [D:\Games\bdd-demo-live\build\classes\test\com\bosch\api\steps] for files matching pattern [D:/Games/bdd-demo-live/build/classes/test/com/bosch/api/steps/*.class]
00:03:04.897 [Test worker] DEBUG org.springframework.core.io.support.PathMatchingResourcePatternResolver - Resolved location pattern [classpath*:com/bosch/api/steps/*.class] to resources [file [D:\Games\bdd-demo-live\build\classes\test\com\bosch\api\steps\StepDefination.class]]
00:03:04.935 [Test worker] DEBUG org.springframework.core.io.support.PathMatchingResourcePatternResolver - Resolved classpath location [com/bosch/api/] to resources [URL [file:/D:/Games/bdd-demo-live/build/classes/test/com/bosch/api/]]
00:03:04.935 [Test worker] DEBUG org.springframework.core.io.support.PathMatchingResourcePatternResolver - Looking for matching resources in directory tree [D:\Games\bdd-demo-live\build\classes\test\com\bosch\api]
00:03:04.935 [Test worker] DEBUG org.springframework.core.io.support.PathMatchingResourcePatternResolver - Searching directory [D:\Games\bdd-demo-live\build\classes\test\com\bosch\api] for files matching pattern [D:/Games/bdd-demo-live/build/classes/test/com/bosch/api/*.class]
00:03:04.937 [Test worker] DEBUG org.springframework.core.io.support.PathMatchingResourcePatternResolver - Resolved location pattern [classpath*:com/bosch/api/*.class] to resources [file [D:\Games\bdd-demo-live\build\classes\test\com\bosch\api\CucumberTest.class]]
00:03:04.939 [Test worker] DEBUG org.springframework.core.io.support.PathMatchingResourcePatternResolver - Resolved classpath location [com/bosch/] to resources [URL [file:/D:/Games/bdd-demo-live/build/classes/test/com/bosch/], URL [file:/D:/Games/bdd-demo-live/build/classes/main/com/bosch/]]
00:03:04.940 [Test worker] DEBUG org.springframework.core.io.support.PathMatchingResourcePatternResolver - Looking for matching resources in directory tree [D:\Games\bdd-demo-live\build\classes\test\com\bosch]
00:03:04.940 [Test worker] DEBUG org.springframework.core.io.support.PathMatchingResourcePatternResolver - Searching directory [D:\Games\bdd-demo-live\build\classes\test\com\bosch] for files matching pattern [D:/Games/bdd-demo-live/build/classes/test/com/bosch/*.class]
00:03:04.941 [Test worker] DEBUG org.springframework.core.io.support.PathMatchingResourcePatternResolver - Looking for matching resources in directory tree [D:\Games\bdd-demo-live\build\classes\main\com\bosch]
00:03:04.942 [Test worker] DEBUG org.springframework.core.io.support.PathMatchingResourcePatternResolver - Searching directory [D:\Games\bdd-demo-live\build\classes\main\com\bosch] for files matching pattern [D:/Games/bdd-demo-live/build/classes/main/com/bosch/*.class]
00:03:04.945 [Test worker] DEBUG org.springframework.core.io.support.PathMatchingResourcePatternResolver - Resolved location pattern [classpath*:com/bosch/*.class] to resources [file [D:\Games\bdd-demo-live\build\classes\main\com\bosch\Application.class]]
00:03:05.016 [Test worker] DEBUG org.springframework.context.annotation.ClassPathScanningCandidateComponentProvider - Identified candidate component class: file [D:\Games\bdd-demo-live\build\classes\main\com\bosch\Application.class]
00:03:05.018 [Test worker] INFO org.springframework.boot.test.context.SpringBootTestContextBootstrapper - Found @SpringBootConfiguration com.bosch.Application for test class com.bosch.api.steps.StepDefination
00:03:05.025 [Test worker] DEBUG org.springframework.boot.test.context.SpringBootTestContextBootstrapper - @TestExecutionListeners is not present for class [com.bosch.api.steps.StepDefination]: using defaults.
00:03:05.039 [Test worker] INFO org.springframework.boot.test.context.SpringBootTestContextBootstrapper - Loaded default TestExecutionListener class names from location [META-INF/spring.factories]: [org.springframework.boot.test.mock.mockito.MockitoTestExecutionListener, org.springframework.boot.test.mock.mockito.ResetMocksTestExecutionListener, org.springframework.boot.test.autoconfigure.restdocs.RestDocsTestExecutionListener, org.springframework.boot.test.autoconfigure.web.client.MockRestServiceServerResetTestExecutionListener, org.springframework.boot.test.autoconfigure.web.servlet.MockMvcPrintOnlyOnFailureTestExecutionListener, org.springframework.boot.test.autoconfigure.web.servlet.WebDriverTestExecutionListener, org.springframework.test.context.web.ServletTestExecutionListener, org.springframework.test.context.support.DirtiesContextBeforeModesTestExecutionListener, org.springframework.test.context.support.DependencyInjectionTestExecutionListener, org.springframework.test.context.support.DirtiesContextTestExecutionListener, org.springframework.test.context.transaction.TransactionalTestExecutionListener, org.springframework.test.context.jdbc.SqlScriptsTestExecutionListener]
00:03:05.098 [Test worker] INFO org.springframework.boot.test.context.SpringBootTestContextBootstrapper - Using TestExecutionListeners: [org.springframework.test.context.web.ServletTestExecutionListener@4e0f4c4f, org.springframework.test.context.support.DirtiesContextBeforeModesTestExecutionListener@432bcd30, org.springframework.boot.test.autoconfigure.SpringBootDependencyInjectionTestExecutionListener@67500a1a, org.springframework.test.context.support.DirtiesContextTestExecutionListener@6b1d20a1, org.springframework.test.context.transaction.TransactionalTestExecutionListener@5fc474b9, org.springframework.test.context.jdbc.SqlScriptsTestExecutionListener@421b603c, org.springframework.boot.test.autoconfigure.web.client.MockRestServiceServerResetTestExecutionListener@257cb2bf, org.springframework.boot.test.mock.mockito.ResetMocksTestExecutionListener@27e68699, org.springframework.boot.test.autoconfigure.web.servlet.MockMvcPrintOnlyOnFailureTestExecutionListener@5b7b4f60, org.springframework.boot.test.mock.mockito.MockitoTestExecutionListener@42f8deb3, org.springframework.boot.test.autoconfigure.restdocs.RestDocsTestExecutionListener@2d16519, org.springframework.boot.test.autoconfigure.web.servlet.WebDriverTestExecutionListener@1190f994]
00:03:05.247 [Test worker] DEBUG org.springframework.core.env.StandardEnvironment - Adding [systemProperties] PropertySource with lowest search precedence
00:03:05.248 [Test worker] DEBUG org.springframework.core.env.StandardEnvironment - Adding [systemEnvironment] PropertySource with lowest search precedence
00:03:05.248 [Test worker] DEBUG org.springframework.core.env.StandardEnvironment - Initialized StandardEnvironment with PropertySources [systemProperties,systemEnvironment]
00:03:05.250 [Test worker] DEBUG org.springframework.test.context.support.TestPropertySourceUtils - Adding inlined properties to environment: {spring.jmx.enabled=false, org.springframework.boot.test.context.SpringBootTestContextBootstrapper=true}
00:03:05.252 [Test worker] DEBUG org.springframework.core.env.StandardEnvironment - Adding [Inlined Test Properties] PropertySource with highest search precedence

  .   ____          _            __ _ _
 /\\ / ___'_ __ _ _(_)_ __  __ _ \ \ \ \
( ( )\___ | '_ | '_| | '_ \/ _` | \ \ \ \
 \\/  ___)| |_)| | | | | || (_| |  ) ) ) )
  '  |____| .__|_| |_|_| |_\__, | / / / /
 =========|_|==============|___/=/_/_/_/
 :: Spring Boot ::        (v1.5.4.RELEASE)

2017-07-05 00:03:05.921  INFO 7140 --- [    Test worker] com.bosch.api.steps.StepDefination       : Starting StepDefination on anant-pc with PID 7140 (started by Anant in D:\Games\bdd-demo-live)
2017-07-05 00:03:05.924  INFO 7140 --- [    Test worker] com.bosch.api.steps.StepDefination       : No active profile set, falling back to default profiles: default
2017-07-05 00:03:06.021  INFO 7140 --- [    Test worker] ationConfigEmbeddedWebApplicationContext : Refreshing org.springframework.boot.context.embedded.AnnotationConfigEmbeddedWebApplicationContext@71ff7133: startup date [Wed Jul 05 00:03:05 IST 2017]; root of context hierarchy
2017-07-05 00:03:10.309  INFO 7140 --- [    Test worker] s.b.c.e.t.TomcatEmbeddedServletContainer : Tomcat initialized with port(s): 8080 (http)
2017-07-05 00:03:10.348  INFO 7140 --- [    Test worker] o.apache.catalina.core.StandardService   : Starting service [Tomcat]
2017-07-05 00:03:10.351  INFO 7140 --- [    Test worker] org.apache.catalina.core.StandardEngine  : Starting Servlet Engine: Apache Tomcat/8.5.15
2017-07-05 00:03:10.803  INFO 7140 --- [ost-startStop-1] o.a.c.c.C.[Tomcat].[localhost].[/]       : Initializing Spring embedded WebApplicationContext
2017-07-05 00:03:10.804  INFO 7140 --- [ost-startStop-1] o.s.web.context.ContextLoader            : Root WebApplicationContext: initialization completed in 4809 ms
2017-07-05 00:03:11.311  INFO 7140 --- [ost-startStop-1] o.s.b.w.servlet.ServletRegistrationBean  : Mapping servlet: 'dispatcherServlet' to [/]
2017-07-05 00:03:11.323  INFO 7140 --- [ost-startStop-1] o.s.b.w.servlet.FilterRegistrationBean   : Mapping filter: 'characterEncodingFilter' to: [/*]
2017-07-05 00:03:11.325  INFO 7140 --- [ost-startStop-1] o.s.b.w.servlet.FilterRegistrationBean   : Mapping filter: 'hiddenHttpMethodFilter' to: [/*]
2017-07-05 00:03:11.326  INFO 7140 --- [ost-startStop-1] o.s.b.w.servlet.FilterRegistrationBean   : Mapping filter: 'httpPutFormContentFilter' to: [/*]
2017-07-05 00:03:11.326  INFO 7140 --- [ost-startStop-1] o.s.b.w.servlet.FilterRegistrationBean   : Mapping filter: 'requestContextFilter' to: [/*]
2017-07-05 00:03:14.387  INFO 7140 --- [    Test worker] s.w.s.m.m.a.RequestMappingHandlerAdapter : Looking for @ControllerAdvice: org.springframework.boot.context.embedded.AnnotationConfigEmbeddedWebApplicationContext@71ff7133: startup date [Wed Jul 05 00:03:05 IST 2017]; root of context hierarchy
2017-07-05 00:03:14.633  INFO 7140 --- [    Test worker] s.w.s.m.m.a.RequestMappingHandlerMapping : Mapped "{[/user/name/{name}],methods=[GET]}" onto public com.bosch.model.User com.bosch.controller.UserController.getUserByName(java.lang.String)
2017-07-05 00:03:14.638  INFO 7140 --- [    Test worker] s.w.s.m.m.a.RequestMappingHandlerMapping : Mapped "{[/user/{userId}],methods=[GET]}" onto public com.bosch.model.User com.bosch.controller.UserController.getUser(java.lang.String)
2017-07-05 00:03:14.639  INFO 7140 --- [    Test worker] s.w.s.m.m.a.RequestMappingHandlerMapping : Mapped "{[/user],methods=[POST]}" onto public void com.bosch.controller.UserController.createUser(com.bosch.model.User)
2017-07-05 00:03:14.645  INFO 7140 --- [    Test worker] s.w.s.m.m.a.RequestMappingHandlerMapping : Mapped "{[/error]}" onto public org.springframework.http.ResponseEntity<java.util.Map<java.lang.String, java.lang.Object>> org.springframework.boot.autoconfigure.web.BasicErrorController.error(javax.servlet.http.HttpServletRequest)
2017-07-05 00:03:14.647  INFO 7140 --- [    Test worker] s.w.s.m.m.a.RequestMappingHandlerMapping : Mapped "{[/error],produces=[text/html]}" onto public org.springframework.web.servlet.ModelAndView org.springframework.boot.autoconfigure.web.BasicErrorController.errorHtml(javax.servlet.http.HttpServletRequest,javax.servlet.http.HttpServletResponse)
2017-07-05 00:03:14.767  INFO 7140 --- [    Test worker] o.s.w.s.handler.SimpleUrlHandlerMapping  : Mapped URL path [/webjars/**] onto handler of type [class org.springframework.web.servlet.resource.ResourceHttpRequestHandler]
2017-07-05 00:03:14.769  INFO 7140 --- [    Test worker] o.s.w.s.handler.SimpleUrlHandlerMapping  : Mapped URL path [/**] onto handler of type [class org.springframework.web.servlet.resource.ResourceHttpRequestHandler]
2017-07-05 00:03:14.915  INFO 7140 --- [    Test worker] o.s.w.s.handler.SimpleUrlHandlerMapping  : Mapped URL path [/**/favicon.ico] onto handler of type [class org.springframework.web.servlet.resource.ResourceHttpRequestHandler]
2017-07-05 00:03:15.623  INFO 7140 --- [    Test worker] s.b.c.e.t.TomcatEmbeddedServletContainer : Tomcat started on port(s): 8080 (http)
2017-07-05 00:03:15.635  INFO 7140 --- [    Test worker] com.bosch.api.steps.StepDefination       : Started StepDefination in 10.376 seconds (JVM running for 18.756)
2017-07-05 00:03:16.557  INFO 7140 --- [nio-8080-exec-2] o.a.c.c.C.[Tomcat].[localhost].[/]       : Initializing Spring FrameworkServlet 'dispatcherServlet'
2017-07-05 00:03:16.558  INFO 7140 --- [nio-8080-exec-2] o.s.web.servlet.DispatcherServlet        : FrameworkServlet 'dispatcherServlet': initialization started
2017-07-05 00:03:16.620  INFO 7140 --- [nio-8080-exec-2] o.s.web.servlet.DispatcherServlet        : FrameworkServlet 'dispatcherServlet': initialization completed in 62 ms
]]></system-out>
  <system-err><![CDATA[]]></system-err>
</testsuite>
