<?xml version="1.0" encoding="UTF-8"?>
<testsuite name="| 0479c1e0-2258-4b1b-8e24-2946cb528e2a | anant | 29 | 9008430490 |" tests="10" skipped="0" failures="0" errors="0" timestamp="2017-07-04T18:33:17" hostname="anant-pc" time="0.288">
  <properties/>
  <testcase name="Given an user with id as &quot;0479c1e0-2258-4b1b-8e24-2946cb528e2a&quot; name as &quot;anant&quot; age as 29 and mobile as &quot;9008430490&quot;" classname="| 0479c1e0-2258-4b1b-8e24-2946cb528e2a | anant | 29 | 9008430490 |" time="0.0"/>
  <testcase name="When i get user by calling &quot;/user&quot; api with id &quot;0479c1e0-2258-4b1b-8e24-2946cb528e2a&quot;" classname="| 0479c1e0-2258-4b1b-8e24-2946cb528e2a | anant | 29 | 9008430490 |" time="0.0"/>
  <testcase name="Then i get response status as &quot;OK&quot;" classname="| 0479c1e0-2258-4b1b-8e24-2946cb528e2a | anant | 29 | 9008430490 |" time="0.0"/>
  <testcase name="And response message as" classname="| 0479c1e0-2258-4b1b-8e24-2946cb528e2a | anant | 29 | 9008430490 |" time="0.0"/>
  <testcase name="classMethod" classname="| 0479c1e0-2258-4b1b-8e24-2946cb528e2a | anant | 29 | 9008430490 |" time="0.169"/>
  <testcase name="Given an user with id as &quot;0479c1e0-2258-4b1b-8e24-2946cb528e2a&quot; name as &quot;anant&quot; age as 29 and mobile as &quot;9008430490&quot;" classname="| 0479c1e0-2258-4b1b-8e24-2946cb528e2a | anant | 29 | 9008430490 |" time="0.0"/>
  <testcase name="When i get user by calling &quot;/user/name&quot; api with name &quot;anant&quot;" classname="| 0479c1e0-2258-4b1b-8e24-2946cb528e2a | anant | 29 | 9008430490 |" time="0.001"/>
  <testcase name="Then i get response status as &quot;OK&quot;" classname="| 0479c1e0-2258-4b1b-8e24-2946cb528e2a | anant | 29 | 9008430490 |" time="0.0"/>
  <testcase name="And response message as" classname="| 0479c1e0-2258-4b1b-8e24-2946cb528e2a | anant | 29 | 9008430490 |" time="0.0"/>
  <testcase name="classMethod" classname="| 0479c1e0-2258-4b1b-8e24-2946cb528e2a | anant | 29 | 9008430490 |" time="0.091"/>
  <system-out><![CDATA[2017-07-05 00:03:17.008  INFO 7140 --- [    Test worker] o.s.t.c.support.AbstractContextLoader    : Could not detect default resource locations for test class [com.bosch.api.steps.StepDefination]: no resource found for suffixes {-context.xml, Context.groovy}.
2017-07-05 00:03:17.009  INFO 7140 --- [    Test worker] t.c.s.AnnotationConfigContextLoaderUtils : Could not detect default configuration classes for test class [com.bosch.api.steps.StepDefination]: StepDefination does not declare any static, non-private, non-final, nested classes annotated with @Configuration.
2017-07-05 00:03:17.025  INFO 7140 --- [    Test worker] .b.t.c.SpringBootTestContextBootstrapper : Found @SpringBootConfiguration com.bosch.Application for test class com.bosch.api.steps.StepDefination
2017-07-05 00:03:17.039  INFO 7140 --- [    Test worker] .b.t.c.SpringBootTestContextBootstrapper : Loaded default TestExecutionListener class names from location [META-INF/spring.factories]: [org.springframework.boot.test.mock.mockito.MockitoTestExecutionListener, org.springframework.boot.test.mock.mockito.ResetMocksTestExecutionListener, org.springframework.boot.test.autoconfigure.restdocs.RestDocsTestExecutionListener, org.springframework.boot.test.autoconfigure.web.client.MockRestServiceServerResetTestExecutionListener, org.springframework.boot.test.autoconfigure.web.servlet.MockMvcPrintOnlyOnFailureTestExecutionListener, org.springframework.boot.test.autoconfigure.web.servlet.WebDriverTestExecutionListener, org.springframework.test.context.web.ServletTestExecutionListener, org.springframework.test.context.support.DirtiesContextBeforeModesTestExecutionListener, org.springframework.test.context.support.DependencyInjectionTestExecutionListener, org.springframework.test.context.support.DirtiesContextTestExecutionListener, org.springframework.test.context.transaction.TransactionalTestExecutionListener, org.springframework.test.context.jdbc.SqlScriptsTestExecutionListener]
2017-07-05 00:03:17.048  INFO 7140 --- [    Test worker] .b.t.c.SpringBootTestContextBootstrapper : Using TestExecutionListeners: [org.springframework.test.context.web.ServletTestExecutionListener@673b6e88, org.springframework.test.context.support.DirtiesContextBeforeModesTestExecutionListener@5d1433a5, org.springframework.boot.test.autoconfigure.SpringBootDependencyInjectionTestExecutionListener@3b7e8b5, org.springframework.test.context.support.DirtiesContextTestExecutionListener@55dc763d, org.springframework.test.context.transaction.TransactionalTestExecutionListener@69af0d20, org.springframework.test.context.jdbc.SqlScriptsTestExecutionListener@15da82ab, org.springframework.boot.test.autoconfigure.web.client.MockRestServiceServerResetTestExecutionListener@299432e5, org.springframework.boot.test.mock.mockito.ResetMocksTestExecutionListener@1fcfd474, org.springframework.boot.test.autoconfigure.web.servlet.MockMvcPrintOnlyOnFailureTestExecutionListener@e980ca0, org.springframework.boot.test.mock.mockito.MockitoTestExecutionListener@4f961802, org.springframework.boot.test.autoconfigure.restdocs.RestDocsTestExecutionListener@479d180f, org.springframework.boot.test.autoconfigure.web.servlet.WebDriverTestExecutionListener@261018fc]
2017-07-05 00:03:17.050  INFO 7140 --- [    Test worker] o.s.b.f.s.DefaultListableBeanFactory     : Replacing scope 'cucumber-glue' from [cucumber.runtime.java.spring.GlueCodeScope@170aae9c] to [cucumber.runtime.java.spring.GlueCodeScope@38788112]
2017-07-05 00:03:17.257  INFO 7140 --- [    Test worker] o.s.t.c.support.AbstractContextLoader    : Could not detect default resource locations for test class [com.bosch.api.steps.StepDefination]: no resource found for suffixes {-context.xml, Context.groovy}.
2017-07-05 00:03:17.258  INFO 7140 --- [    Test worker] t.c.s.AnnotationConfigContextLoaderUtils : Could not detect default configuration classes for test class [com.bosch.api.steps.StepDefination]: StepDefination does not declare any static, non-private, non-final, nested classes annotated with @Configuration.
2017-07-05 00:03:17.273  INFO 7140 --- [    Test worker] .b.t.c.SpringBootTestContextBootstrapper : Found @SpringBootConfiguration com.bosch.Application for test class com.bosch.api.steps.StepDefination
2017-07-05 00:03:17.280  INFO 7140 --- [    Test worker] .b.t.c.SpringBootTestContextBootstrapper : Loaded default TestExecutionListener class names from location [META-INF/spring.factories]: [org.springframework.boot.test.mock.mockito.MockitoTestExecutionListener, org.springframework.boot.test.mock.mockito.ResetMocksTestExecutionListener, org.springframework.boot.test.autoconfigure.restdocs.RestDocsTestExecutionListener, org.springframework.boot.test.autoconfigure.web.client.MockRestServiceServerResetTestExecutionListener, org.springframework.boot.test.autoconfigure.web.servlet.MockMvcPrintOnlyOnFailureTestExecutionListener, org.springframework.boot.test.autoconfigure.web.servlet.WebDriverTestExecutionListener, org.springframework.test.context.web.ServletTestExecutionListener, org.springframework.test.context.support.DirtiesContextBeforeModesTestExecutionListener, org.springframework.test.context.support.DependencyInjectionTestExecutionListener, org.springframework.test.context.support.DirtiesContextTestExecutionListener, org.springframework.test.context.transaction.TransactionalTestExecutionListener, org.springframework.test.context.jdbc.SqlScriptsTestExecutionListener]
2017-07-05 00:03:17.288  INFO 7140 --- [    Test worker] .b.t.c.SpringBootTestContextBootstrapper : Using TestExecutionListeners: [org.springframework.test.context.web.ServletTestExecutionListener@e4d35e, org.springframework.test.context.support.DirtiesContextBeforeModesTestExecutionListener@75c6187a, org.springframework.boot.test.autoconfigure.SpringBootDependencyInjectionTestExecutionListener@47d276c4, org.springframework.test.context.support.DirtiesContextTestExecutionListener@6e722bab, org.springframework.test.context.transaction.TransactionalTestExecutionListener@482a7b18, org.springframework.test.context.jdbc.SqlScriptsTestExecutionListener@d6abfaf, org.springframework.boot.test.autoconfigure.web.client.MockRestServiceServerResetTestExecutionListener@595a8c90, org.springframework.boot.test.mock.mockito.ResetMocksTestExecutionListener@268adb63, org.springframework.boot.test.autoconfigure.web.servlet.MockMvcPrintOnlyOnFailureTestExecutionListener@3d638611, org.springframework.boot.test.mock.mockito.MockitoTestExecutionListener@65acc1d5, org.springframework.boot.test.autoconfigure.restdocs.RestDocsTestExecutionListener@681feffc, org.springframework.boot.test.autoconfigure.web.servlet.WebDriverTestExecutionListener@18be705f]
2017-07-05 00:03:17.290  INFO 7140 --- [    Test worker] o.s.b.f.s.DefaultListableBeanFactory     : Replacing scope 'cucumber-glue' from [cucumber.runtime.java.spring.GlueCodeScope@3d0e7c48] to [cucumber.runtime.java.spring.GlueCodeScope@3a6df2c2]
]]></system-out>
  <system-err><![CDATA[]]></system-err>
</testsuite>
