<?xml version="1.0" encoding="UTF-8"?>
<testsuite name="| 0479c1e0-2258-4b1b-8e24-2946cb528e56 | ajdsf | 27 | 9008430492 |" tests="10" skipped="0" failures="0" errors="0" timestamp="2017-07-04T18:33:17" hostname="anant-pc" time="0.193">
  <properties/>
  <testcase name="Given an user with id as &quot;0479c1e0-2258-4b1b-8e24-2946cb528e56&quot; name as &quot;ajdsf&quot; age as 27 and mobile as &quot;9008430492&quot;" classname="| 0479c1e0-2258-4b1b-8e24-2946cb528e56 | ajdsf | 27 | 9008430492 |" time="0.0"/>
  <testcase name="When i get user by calling &quot;/user&quot; api with id &quot;0479c1e0-2258-4b1b-8e24-2946cb528e56&quot;" classname="| 0479c1e0-2258-4b1b-8e24-2946cb528e56 | ajdsf | 27 | 9008430492 |" time="0.001"/>
  <testcase name="Then i get response status as &quot;OK&quot;" classname="| 0479c1e0-2258-4b1b-8e24-2946cb528e56 | ajdsf | 27 | 9008430492 |" time="0.0"/>
  <testcase name="And response message as" classname="| 0479c1e0-2258-4b1b-8e24-2946cb528e56 | ajdsf | 27 | 9008430492 |" time="0.0"/>
  <testcase name="classMethod" classname="| 0479c1e0-2258-4b1b-8e24-2946cb528e56 | ajdsf | 27 | 9008430492 |" time="0.08"/>
  <testcase name="Given an user with id as &quot;0479c1e0-2258-4b1b-8e24-2946cb528e56&quot; name as &quot;ajdsf&quot; age as 27 and mobile as &quot;9008430492&quot;" classname="| 0479c1e0-2258-4b1b-8e24-2946cb528e56 | ajdsf | 27 | 9008430492 |" time="0.0"/>
  <testcase name="When i get user by calling &quot;/user/name&quot; api with name &quot;ajdsf&quot;" classname="| 0479c1e0-2258-4b1b-8e24-2946cb528e56 | ajdsf | 27 | 9008430492 |" time="0.0"/>
  <testcase name="Then i get response status as &quot;OK&quot;" classname="| 0479c1e0-2258-4b1b-8e24-2946cb528e56 | ajdsf | 27 | 9008430492 |" time="0.0"/>
  <testcase name="And response message as" classname="| 0479c1e0-2258-4b1b-8e24-2946cb528e56 | ajdsf | 27 | 9008430492 |" time="0.0"/>
  <testcase name="classMethod" classname="| 0479c1e0-2258-4b1b-8e24-2946cb528e56 | ajdsf | 27 | 9008430492 |" time="0.069"/>
  <system-out><![CDATA[2017-07-05 00:03:17.176  INFO 7140 --- [    Test worker] o.s.t.c.support.AbstractContextLoader    : Could not detect default resource locations for test class [com.bosch.api.steps.StepDefination]: no resource found for suffixes {-context.xml, Context.groovy}.
2017-07-05 00:03:17.177  INFO 7140 --- [    Test worker] t.c.s.AnnotationConfigContextLoaderUtils : Could not detect default configuration classes for test class [com.bosch.api.steps.StepDefination]: StepDefination does not declare any static, non-private, non-final, nested classes annotated with @Configuration.
2017-07-05 00:03:17.194  INFO 7140 --- [    Test worker] .b.t.c.SpringBootTestContextBootstrapper : Found @SpringBootConfiguration com.bosch.Application for test class com.bosch.api.steps.StepDefination
2017-07-05 00:03:17.204  INFO 7140 --- [    Test worker] .b.t.c.SpringBootTestContextBootstrapper : Loaded default TestExecutionListener class names from location [META-INF/spring.factories]: [org.springframework.boot.test.mock.mockito.MockitoTestExecutionListener, org.springframework.boot.test.mock.mockito.ResetMocksTestExecutionListener, org.springframework.boot.test.autoconfigure.restdocs.RestDocsTestExecutionListener, org.springframework.boot.test.autoconfigure.web.client.MockRestServiceServerResetTestExecutionListener, org.springframework.boot.test.autoconfigure.web.servlet.MockMvcPrintOnlyOnFailureTestExecutionListener, org.springframework.boot.test.autoconfigure.web.servlet.WebDriverTestExecutionListener, org.springframework.test.context.web.ServletTestExecutionListener, org.springframework.test.context.support.DirtiesContextBeforeModesTestExecutionListener, org.springframework.test.context.support.DependencyInjectionTestExecutionListener, org.springframework.test.context.support.DirtiesContextTestExecutionListener, org.springframework.test.context.transaction.TransactionalTestExecutionListener, org.springframework.test.context.jdbc.SqlScriptsTestExecutionListener]
2017-07-05 00:03:17.214  INFO 7140 --- [    Test worker] .b.t.c.SpringBootTestContextBootstrapper : Using TestExecutionListeners: [org.springframework.test.context.web.ServletTestExecutionListener@d5971ab, org.springframework.test.context.support.DirtiesContextBeforeModesTestExecutionListener@49ffea97, org.springframework.boot.test.autoconfigure.SpringBootDependencyInjectionTestExecutionListener@4593d40f, org.springframework.test.context.support.DirtiesContextTestExecutionListener@506ba436, org.springframework.test.context.transaction.TransactionalTestExecutionListener@16f943b9, org.springframework.test.context.jdbc.SqlScriptsTestExecutionListener@20e4a8a3, org.springframework.boot.test.autoconfigure.web.client.MockRestServiceServerResetTestExecutionListener@7b8c331c, org.springframework.boot.test.mock.mockito.ResetMocksTestExecutionListener@764b624f, org.springframework.boot.test.autoconfigure.web.servlet.MockMvcPrintOnlyOnFailureTestExecutionListener@2af313b4, org.springframework.boot.test.mock.mockito.MockitoTestExecutionListener@2f5717f9, org.springframework.boot.test.autoconfigure.restdocs.RestDocsTestExecutionListener@3559c5dc, org.springframework.boot.test.autoconfigure.web.servlet.WebDriverTestExecutionListener@18ad9022]
2017-07-05 00:03:17.216  INFO 7140 --- [    Test worker] o.s.b.f.s.DefaultListableBeanFactory     : Replacing scope 'cucumber-glue' from [cucumber.runtime.java.spring.GlueCodeScope@38788112] to [cucumber.runtime.java.spring.GlueCodeScope@3d0e7c48]
2017-07-05 00:03:17.349  INFO 7140 --- [    Test worker] o.s.t.c.support.AbstractContextLoader    : Could not detect default resource locations for test class [com.bosch.api.steps.StepDefination]: no resource found for suffixes {-context.xml, Context.groovy}.
2017-07-05 00:03:17.349  INFO 7140 --- [    Test worker] t.c.s.AnnotationConfigContextLoaderUtils : Could not detect default configuration classes for test class [com.bosch.api.steps.StepDefination]: StepDefination does not declare any static, non-private, non-final, nested classes annotated with @Configuration.
2017-07-05 00:03:17.361  INFO 7140 --- [    Test worker] .b.t.c.SpringBootTestContextBootstrapper : Found @SpringBootConfiguration com.bosch.Application for test class com.bosch.api.steps.StepDefination
2017-07-05 00:03:17.371  INFO 7140 --- [    Test worker] .b.t.c.SpringBootTestContextBootstrapper : Loaded default TestExecutionListener class names from location [META-INF/spring.factories]: [org.springframework.boot.test.mock.mockito.MockitoTestExecutionListener, org.springframework.boot.test.mock.mockito.ResetMocksTestExecutionListener, org.springframework.boot.test.autoconfigure.restdocs.RestDocsTestExecutionListener, org.springframework.boot.test.autoconfigure.web.client.MockRestServiceServerResetTestExecutionListener, org.springframework.boot.test.autoconfigure.web.servlet.MockMvcPrintOnlyOnFailureTestExecutionListener, org.springframework.boot.test.autoconfigure.web.servlet.WebDriverTestExecutionListener, org.springframework.test.context.web.ServletTestExecutionListener, org.springframework.test.context.support.DirtiesContextBeforeModesTestExecutionListener, org.springframework.test.context.support.DependencyInjectionTestExecutionListener, org.springframework.test.context.support.DirtiesContextTestExecutionListener, org.springframework.test.context.transaction.TransactionalTestExecutionListener, org.springframework.test.context.jdbc.SqlScriptsTestExecutionListener]
2017-07-05 00:03:17.380  INFO 7140 --- [    Test worker] .b.t.c.SpringBootTestContextBootstrapper : Using TestExecutionListeners: [org.springframework.test.context.web.ServletTestExecutionListener@18477dfc, org.springframework.test.context.support.DirtiesContextBeforeModesTestExecutionListener@34c9fd37, org.springframework.boot.test.autoconfigure.SpringBootDependencyInjectionTestExecutionListener@61df90ca, org.springframework.test.context.support.DirtiesContextTestExecutionListener@20426f40, org.springframework.test.context.transaction.TransactionalTestExecutionListener@3c95e29, org.springframework.test.context.jdbc.SqlScriptsTestExecutionListener@78923b22, org.springframework.boot.test.autoconfigure.web.client.MockRestServiceServerResetTestExecutionListener@65d6ad3a, org.springframework.boot.test.mock.mockito.ResetMocksTestExecutionListener@56ddf6af, org.springframework.boot.test.autoconfigure.web.servlet.MockMvcPrintOnlyOnFailureTestExecutionListener@1facd24b, org.springframework.boot.test.mock.mockito.MockitoTestExecutionListener@760eb1b7, org.springframework.boot.test.autoconfigure.restdocs.RestDocsTestExecutionListener@26616d31, org.springframework.boot.test.autoconfigure.web.servlet.WebDriverTestExecutionListener@1fb08fdc]
2017-07-05 00:03:17.382  INFO 7140 --- [    Test worker] o.s.b.f.s.DefaultListableBeanFactory     : Replacing scope 'cucumber-glue' from [cucumber.runtime.java.spring.GlueCodeScope@3a6df2c2] to [cucumber.runtime.java.spring.GlueCodeScope@65f7be8b]
]]></system-out>
  <system-err><![CDATA[]]></system-err>
</testsuite>
